0 info it worked if it ends with ok
1 verbose cli [ '/usr/bin/nodejs', '/usr/bin/npm', 'install', 'bootstrap@~4.0' ]
2 info using npm@1.3.10
3 info using node@v0.10.25
4 warn package.json selftop-dashboard@ No description
5 warn package.json selftop-dashboard@ No repository field.
6 warn package.json selftop-dashboard@ No README data
7 verbose readDependencies using package.json deps
8 verbose cache add [ 'bootstrap@~4.0', null ]
9 verbose cache add name=undefined spec="bootstrap@~4.0" args=["bootstrap@~4.0",null]
10 verbose parsed url { protocol: null,
10 verbose parsed url   slashes: null,
10 verbose parsed url   auth: null,
10 verbose parsed url   host: null,
10 verbose parsed url   port: null,
10 verbose parsed url   hostname: null,
10 verbose parsed url   hash: null,
10 verbose parsed url   search: null,
10 verbose parsed url   query: null,
10 verbose parsed url   pathname: 'bootstrap@~4.0',
10 verbose parsed url   path: 'bootstrap@~4.0',
10 verbose parsed url   href: 'bootstrap@~4.0' }
11 verbose cache add name="bootstrap" spec="~4.0" args=["bootstrap","~4.0"]
12 verbose parsed url { protocol: null,
12 verbose parsed url   slashes: null,
12 verbose parsed url   auth: null,
12 verbose parsed url   host: null,
12 verbose parsed url   port: null,
12 verbose parsed url   hostname: null,
12 verbose parsed url   hash: null,
12 verbose parsed url   search: null,
12 verbose parsed url   query: null,
12 verbose parsed url   pathname: '~4.0',
12 verbose parsed url   path: '~4.0',
12 verbose parsed url   href: '~4.0' }
13 verbose addNamed [ 'bootstrap', '~4.0' ]
14 verbose addNamed [ null, '>=4.0.0-0 <4.1.0-0' ]
15 silly lockFile 9c1bc0d2-bootstrap-4-0 bootstrap@~4.0
16 verbose lock bootstrap@~4.0 /home/alx/.npm/9c1bc0d2-bootstrap-4-0.lock
17 silly addNameRange { name: 'bootstrap',
17 silly addNameRange   range: '>=4.0.0-0 <4.1.0-0',
17 silly addNameRange   hasData: false }
18 verbose url raw bootstrap
19 verbose url resolving [ 'https://registry.npmjs.org/', './bootstrap' ]
20 verbose url resolved https://registry.npmjs.org/bootstrap
21 info trying registry request attempt 1 at 15:19:31
22 verbose etag "EKFLX2T9NEVDADAS1JIO4V3C9"
23 http GET https://registry.npmjs.org/bootstrap
24 http 304 https://registry.npmjs.org/bootstrap
25 silly registry.get cb [ 304,
25 silly registry.get   { date: 'Sun, 13 Sep 2015 12:19:31 GMT',
25 silly registry.get     via: '1.1 varnish',
25 silly registry.get     'cache-control': 'max-age=60',
25 silly registry.get     etag: '"EKFLX2T9NEVDADAS1JIO4V3C9"',
25 silly registry.get     age: '36',
25 silly registry.get     connection: 'keep-alive',
25 silly registry.get     'x-served-by': 'cache-fra1248-FRA',
25 silly registry.get     'x-cache': 'HIT',
25 silly registry.get     'x-cache-hits': '1',
25 silly registry.get     'x-timer': 'S1442146771.842031,VS0,VE0',
25 silly registry.get     vary: 'Accept' } ]
26 verbose etag bootstrap from cache
27 silly addNameRange number 2 { name: 'bootstrap', range: '>=4.0.0-0 <4.1.0-0', hasData: true }
28 silly addNameRange versions [ 'bootstrap',
28 silly addNameRange   [ '0.0.1',
28 silly addNameRange     '0.0.2',
28 silly addNameRange     '3.1.1',
28 silly addNameRange     '3.2.0',
28 silly addNameRange     '3.3.0',
28 silly addNameRange     '3.3.1',
28 silly addNameRange     '3.3.2',
28 silly addNameRange     '3.3.4',
28 silly addNameRange     '3.3.5' ] ]
29 silly lockFile 9c1bc0d2-bootstrap-4-0 bootstrap@~4.0
30 silly lockFile 9c1bc0d2-bootstrap-4-0 bootstrap@~4.0
31 error Error: No compatible version found: bootstrap@'>=4.0.0-0 <4.1.0-0'
31 error Valid install targets:
31 error ["0.0.1","0.0.2","3.1.1","3.2.0","3.3.0","3.3.1","3.3.2","3.3.4","3.3.5"]
31 error     at installTargetsError (/usr/share/npm/lib/cache.js:719:10)
31 error     at next (/usr/share/npm/lib/cache.js:698:17)
31 error     at /usr/share/npm/lib/cache.js:675:5
31 error     at saved (/usr/share/npm/node_modules/npm-registry-client/lib/get.js:142:7)
31 error     at /usr/lib/nodejs/graceful-fs/polyfills.js:133:7
31 error     at Object.oncomplete (fs.js:107:15)
32 error If you need help, you may report this log at:
32 error     <http://github.com/isaacs/npm/issues>
32 error or email it to:
32 error     <npm-@googlegroups.com>
33 error System Linux 3.13.0-46-generic
34 error command "/usr/bin/nodejs" "/usr/bin/npm" "install" "bootstrap@~4.0"
35 error cwd /home/alx/www/selftop.dev/web/js/app
36 error node -v v0.10.25
37 error npm -v 1.3.10
38 verbose exit [ 1, true ]
